<?xml version="1.0" encoding="UTF-8"?>
<!-- Generated by org.testng.reporters.JUnitXMLReporter -->
<testsuite ignored="0" hostname="TXCHD-LAP-115" failures="1" tests="1" name="Test" time="10.176" errors="0" timestamp="2023-07-29T16:40:53 IST">
  <testcase classname="testCases.TC_001_AccountRegistrationTest" name="registerTest" time="4.95">
    <failure type="java.lang.AssertionError" message="expected [Register! Account] but found [Register Account]">
      <![CDATA[java.lang.AssertionError: expected [Register! Account] but found [Register Account]
at testCases.TC_001_AccountRegistrationTest.registerTest(TC_001_AccountRegistrationTest.java:53)
at java.base/java.util.ArrayList.forEach(ArrayList.java:1511)
... Removed 33 stack frames]]>
    </failure>
  </testcase> <!-- registerTest -->
</testsuite> <!-- Test -->
