<?xml version="1.0" encoding="UTF-8"?>
<testng-results ignored="0" total="2" passed="2" failed="0" skipped="0">
  <reporter-output>
  </reporter-output>
  <suite started-at="2023-08-13T11:38:59 GMT" name="Suite" finished-at="2023-08-13T11:39:13 GMT" duration-ms="14309">
    <groups>
      <group name="Master">
        <method signature="TC_001_AccountRegistrationTest.registerTest()[pri:0, instance:testCases.TC_001_AccountRegistrationTest@10e31a9a]" name="registerTest" class="testCases.TC_001_AccountRegistrationTest"/>
        <method signature="TC_002_LoginTest.loginTest()[pri:0, instance:testCases.TC_002_LoginTest@1623b78d]" name="loginTest" class="testCases.TC_002_LoginTest"/>
      </group> <!-- Master -->
      <group name="Sanity">
        <method signature="TC_002_LoginTest.loginTest()[pri:0, instance:testCases.TC_002_LoginTest@1623b78d]" name="loginTest" class="testCases.TC_002_LoginTest"/>
      </group> <!-- Sanity -->
      <group name="Regression">
        <method signature="TC_001_AccountRegistrationTest.registerTest()[pri:0, instance:testCases.TC_001_AccountRegistrationTest@10e31a9a]" name="registerTest" class="testCases.TC_001_AccountRegistrationTest"/>
      </group> <!-- Regression -->
    </groups>
    <test started-at="2023-08-13T11:38:59 GMT" name="Test1" finished-at="2023-08-13T11:39:13 GMT" duration-ms="14309">
      <class name="testCases.TC_001_AccountRegistrationTest">
        <test-method is-config="true" signature="setup(java.lang.String)[pri:0, instance:testCases.TC_001_AccountRegistrationTest@10e31a9a]" started-at="2023-08-13T11:38:59 GMT" name="setup" finished-at="2023-08-13T11:39:03 GMT" duration-ms="4050" status="PASS">
          <params>
            <param index="0">
              <value>
                <![CDATA[chrome]]>
              </value>
            </param>
          </params>
          <reporter-output>
          </reporter-output>
        </test-method> <!-- setup -->
        <test-method signature="registerTest()[pri:0, instance:testCases.TC_001_AccountRegistrationTest@10e31a9a]" started-at="2023-08-13T11:39:03 GMT" name="registerTest" finished-at="2023-08-13T11:39:09 GMT" duration-ms="5059" status="PASS">
          <reporter-output>
          </reporter-output>
        </test-method> <!-- registerTest -->
        <test-method is-config="true" signature="tearDown()[pri:0, instance:testCases.TC_001_AccountRegistrationTest@10e31a9a]" started-at="2023-08-13T11:39:09 GMT" name="tearDown" finished-at="2023-08-13T11:39:09 GMT" duration-ms="1" status="PASS">
          <reporter-output>
          </reporter-output>
        </test-method> <!-- tearDown -->
      </class> <!-- testCases.TC_001_AccountRegistrationTest -->
      <class name="testCases.TC_002_LoginTest">
        <test-method is-config="true" signature="setup(java.lang.String)[pri:0, instance:testCases.TC_002_LoginTest@1623b78d]" started-at="2023-08-13T11:39:09 GMT" name="setup" finished-at="2023-08-13T11:39:10 GMT" duration-ms="1481" status="PASS">
          <params>
            <param index="0">
              <value>
                <![CDATA[chrome]]>
              </value>
            </param>
          </params>
          <reporter-output>
          </reporter-output>
        </test-method> <!-- setup -->
        <test-method signature="loginTest()[pri:0, instance:testCases.TC_002_LoginTest@1623b78d]" started-at="2023-08-13T11:39:10 GMT" name="loginTest" finished-at="2023-08-13T11:39:13 GMT" duration-ms="3377" status="PASS">
          <reporter-output>
          </reporter-output>
        </test-method> <!-- loginTest -->
        <test-method is-config="true" signature="tearDown()[pri:0, instance:testCases.TC_002_LoginTest@1623b78d]" started-at="2023-08-13T11:39:13 GMT" name="tearDown" finished-at="2023-08-13T11:39:13 GMT" duration-ms="1" status="PASS">
          <reporter-output>
          </reporter-output>
        </test-method> <!-- tearDown -->
      </class> <!-- testCases.TC_002_LoginTest -->
    </test> <!-- Test1 -->
  </suite> <!-- Suite -->
</testng-results>
