<?xml version="1.0" encoding="UTF-8"?>
<testng-results ignored="0" total="2" passed="2" failed="0" skipped="0">
  <reporter-output>
  </reporter-output>
  <suite started-at="2023-08-06T16:38:58 IST" name="Suite" finished-at="2023-08-06T16:39:14 IST" duration-ms="16456">
    <groups>
      <group name="Master">
        <method signature="TC_001_AccountRegistrationTest.registerTest()[pri:0, instance:testCases.TC_001_AccountRegistrationTest@13b6aecc]" name="registerTest" class="testCases.TC_001_AccountRegistrationTest"/>
        <method signature="TC_002_LoginTest.loginTest()[pri:0, instance:testCases.TC_002_LoginTest@71e9ddb4]" name="loginTest" class="testCases.TC_002_LoginTest"/>
      </group> <!-- Master -->
      <group name="Sanity">
        <method signature="TC_002_LoginTest.loginTest()[pri:0, instance:testCases.TC_002_LoginTest@71e9ddb4]" name="loginTest" class="testCases.TC_002_LoginTest"/>
      </group> <!-- Sanity -->
      <group name="Regression">
        <method signature="TC_001_AccountRegistrationTest.registerTest()[pri:0, instance:testCases.TC_001_AccountRegistrationTest@13b6aecc]" name="registerTest" class="testCases.TC_001_AccountRegistrationTest"/>
      </group> <!-- Regression -->
    </groups>
    <test started-at="2023-08-06T16:38:58 IST" name="Test1" finished-at="2023-08-06T16:39:14 IST" duration-ms="16456">
      <class name="testCases.TC_001_AccountRegistrationTest">
        <test-method is-config="true" signature="setup(java.lang.String)[pri:0, instance:testCases.TC_001_AccountRegistrationTest@13b6aecc]" started-at="2023-08-06T16:38:58 IST" name="setup" finished-at="2023-08-06T16:39:03 IST" duration-ms="5079" status="PASS">
          <params>
            <param index="0">
              <value>
                <![CDATA[chrome]]>
              </value>
            </param>
          </params>
          <reporter-output>
          </reporter-output>
        </test-method> <!-- setup -->
        <test-method signature="registerTest()[pri:0, instance:testCases.TC_001_AccountRegistrationTest@13b6aecc]" started-at="2023-08-06T16:39:03 IST" name="registerTest" finished-at="2023-08-06T16:39:08 IST" duration-ms="4877" status="PASS">
          <reporter-output>
          </reporter-output>
        </test-method> <!-- registerTest -->
        <test-method is-config="true" signature="tearDown()[pri:0, instance:testCases.TC_001_AccountRegistrationTest@13b6aecc]" started-at="2023-08-06T16:39:08 IST" name="tearDown" finished-at="2023-08-06T16:39:08 IST" duration-ms="0" status="PASS">
          <reporter-output>
          </reporter-output>
        </test-method> <!-- tearDown -->
      </class> <!-- testCases.TC_001_AccountRegistrationTest -->
      <class name="testCases.TC_002_LoginTest">
        <test-method is-config="true" signature="setup(java.lang.String)[pri:0, instance:testCases.TC_002_LoginTest@71e9ddb4]" started-at="2023-08-06T16:39:08 IST" name="setup" finished-at="2023-08-06T16:39:11 IST" duration-ms="3213" status="PASS">
          <params>
            <param index="0">
              <value>
                <![CDATA[chrome]]>
              </value>
            </param>
          </params>
          <reporter-output>
          </reporter-output>
        </test-method> <!-- setup -->
        <test-method signature="loginTest()[pri:0, instance:testCases.TC_002_LoginTest@71e9ddb4]" started-at="2023-08-06T16:39:11 IST" name="loginTest" finished-at="2023-08-06T16:39:14 IST" duration-ms="3012" status="PASS">
          <reporter-output>
          </reporter-output>
        </test-method> <!-- loginTest -->
        <test-method is-config="true" signature="tearDown()[pri:0, instance:testCases.TC_002_LoginTest@71e9ddb4]" started-at="2023-08-06T16:39:14 IST" name="tearDown" finished-at="2023-08-06T16:39:14 IST" duration-ms="0" status="PASS">
          <reporter-output>
          </reporter-output>
        </test-method> <!-- tearDown -->
      </class> <!-- testCases.TC_002_LoginTest -->
    </test> <!-- Test1 -->
  </suite> <!-- Suite -->
</testng-results>
